<?xml version="1.0" encoding="UTF-8"?>
<!-- Generated by org.testng.reporters.JUnitReportReporter -->
<testsuite hostname="Vijay" failures="0" tests="1" name="com.selenium.tests.LoginTest" time="0.220" errors="0" timestamp="2025-04-20T22:17:07 IST" skipped="0">
  <testcase classname="com.selenium.tests.LoginTest" name="testLogin" time="0.220"/>
</testsuite> <!-- com.selenium.tests.LoginTest -->
