<?xml version="1.0" encoding="UTF-8"?>
<!-- Generated by org.testng.reporters.JUnitReportReporter -->
<testsuite hostname="Vijay" failures="0" tests="1" name="com.selenium.AppTest" time="0.003" errors="0" timestamp="2025-04-20T22:17:07 IST" skipped="0">
  <testcase classname="com.selenium.AppTest" name="testExample" time="0.003"/>
</testsuite> <!-- com.selenium.AppTest -->
